<?xml version="1.0" encoding="UTF-8"?>
<testng-results skipped="0" failed="0" total="2" passed="2">
  <reporter-output>
  </reporter-output>
  <suite name="Suite" duration-ms="19000" started-at="2019-07-30T09:37:15Z" finished-at="2019-07-30T09:37:34Z">
    <groups>
    </groups>
    <test name="Test" duration-ms="19000" started-at="2019-07-30T09:37:15Z" finished-at="2019-07-30T09:37:34Z">
      <class name="test.LoginTest$LoginTestPage">
        <test-method status="PASS" signature="setUp()[pri:0, instance:test.LoginTest$LoginTestPage@548e7350]" name="setUp" is-config="true" duration-ms="8093" started-at="2019-07-30T15:07:15Z" finished-at="2019-07-30T15:07:23Z">
          <reporter-output>
          </reporter-output>
        </test-method> <!-- setUp -->
        <test-method status="PASS" signature="loginPageTitleTest()[pri:1, instance:test.LoginTest$LoginTestPage@548e7350]" name="loginPageTitleTest" duration-ms="25" started-at="2019-07-30T15:07:23Z" finished-at="2019-07-30T15:07:23Z">
          <reporter-output>
          </reporter-output>
        </test-method> <!-- loginPageTitleTest -->
        <test-method status="PASS" signature="tearDown()[pri:0, instance:test.LoginTest$LoginTestPage@548e7350]" name="tearDown" is-config="true" duration-ms="962" started-at="2019-07-30T15:07:23Z" finished-at="2019-07-30T15:07:24Z">
          <reporter-output>
          </reporter-output>
        </test-method> <!-- tearDown -->
        <test-method status="PASS" signature="setUp()[pri:0, instance:test.LoginTest$LoginTestPage@548e7350]" name="setUp" is-config="true" duration-ms="8340" started-at="2019-07-30T15:07:24Z" finished-at="2019-07-30T15:07:33Z">
          <reporter-output>
          </reporter-output>
        </test-method> <!-- setUp -->
        <test-method status="PASS" signature="loginToCyclo()[pri:2, instance:test.LoginTest$LoginTestPage@548e7350]" name="loginToCyclo" duration-ms="697" started-at="2019-07-30T15:07:33Z" finished-at="2019-07-30T15:07:33Z">
          <reporter-output>
          </reporter-output>
        </test-method> <!-- loginToCyclo -->
        <test-method status="PASS" signature="tearDown()[pri:0, instance:test.LoginTest$LoginTestPage@548e7350]" name="tearDown" is-config="true" duration-ms="878" started-at="2019-07-30T15:07:33Z" finished-at="2019-07-30T15:07:34Z">
          <reporter-output>
          </reporter-output>
        </test-method> <!-- tearDown -->
      </class> <!-- test.LoginTest$LoginTestPage -->
    </test> <!-- Test -->
  </suite> <!-- Suite -->
</testng-results>
